<?xml version="1.0" encoding="UTF-8"?>
<testsuite xmlns:xsi="http://www.w3.org/2001/XMLSchema-instance" xsi:noNamespaceSchemaLocation="https://maven.apache.org/surefire/maven-surefire-plugin/xsd/surefire-test-report.xsd" name="testautomation.SampleTest" time="8.171" tests="6" errors="0" skipped="0" failures="0">
  <properties>
    <property name="sun.desktop" value="windows"/>
    <property name="awt.toolkit" value="sun.awt.windows.WToolkit"/>
    <property name="file.encoding.pkg" value="sun.io"/>
    <property name="java.specification.version" value="1.8"/>
    <property name="sun.cpu.isalist" value="amd64"/>
    <property name="sun.jnu.encoding" value="Cp1252"/>
    <property name="java.class.path" value="C:\TestAutomation\target\test-classes;C:\TestAutomation\target\classes;C:\training\repo1\io\rest-assured\rest-assured\3.2.0\rest-assured-3.2.0.jar;C:\training\repo1\org\codehaus\groovy\groovy\2.4.15\groovy-2.4.15.jar;C:\training\repo1\org\codehaus\groovy\groovy-xml\2.4.15\groovy-xml-2.4.15.jar;C:\training\repo1\org\apache\httpcomponents\httpclient\4.5.3\httpclient-4.5.3.jar;C:\training\repo1\org\apache\httpcomponents\httpcore\4.4.6\httpcore-4.4.6.jar;C:\training\repo1\commons-logging\commons-logging\1.2\commons-logging-1.2.jar;C:\training\repo1\commons-codec\commons-codec\1.9\commons-codec-1.9.jar;C:\training\repo1\org\apache\httpcomponents\httpmime\4.5.1\httpmime-4.5.1.jar;C:\training\repo1\org\hamcrest\hamcrest-core\1.3\hamcrest-core-1.3.jar;C:\training\repo1\org\hamcrest\hamcrest-library\1.3\hamcrest-library-1.3.jar;C:\training\repo1\org\ccil\cowan\tagsoup\tagsoup\1.2.1\tagsoup-1.2.1.jar;C:\training\repo1\io\rest-assured\xml-path\3.2.0\xml-path-3.2.0.jar;C:\training\repo1\org\apache\commons\commons-lang3\3.4\commons-lang3-3.4.jar;C:\training\repo1\javax\xml\bind\jaxb-api\2.2.12\jaxb-api-2.2.12.jar;C:\training\repo1\com\sun\xml\bind\jaxb-osgi\2.2.10\jaxb-osgi-2.2.10.jar;C:\training\repo1\org\apache\sling\org.apache.sling.javax.activation\0.1.0\org.apache.sling.javax.activation-0.1.0.jar;C:\training\repo1\javax\activation\activation\1.1.1\activation-1.1.1.jar;C:\training\repo1\io\rest-assured\json-path\3.2.0\json-path-3.2.0.jar;C:\training\repo1\org\codehaus\groovy\groovy-json\2.4.15\groovy-json-2.4.15.jar;C:\training\repo1\io\rest-assured\rest-assured-common\3.2.0\rest-assured-common-3.2.0.jar;C:\training\repo1\org\testng\testng\6.8.8\testng-6.8.8.jar;C:\training\repo1\org\beanshell\bsh\2.0b4\bsh-2.0b4.jar;C:\training\repo1\com\beust\jcommander\1.27\jcommander-1.27.jar;C:\training\repo1\io\rest-assured\json-schema-validator\3.2.0\json-schema-validator-3.2.0.jar;C:\training\repo1\com\github\fge\json-schema-validator\2.2.6\json-schema-validator-2.2.6.jar;C:\training\repo1\com\google\code\findbugs\jsr305\3.0.0\jsr305-3.0.0.jar;C:\training\repo1\joda-time\joda-time\2.3\joda-time-2.3.jar;C:\training\repo1\com\googlecode\libphonenumber\libphonenumber\6.2\libphonenumber-6.2.jar;C:\training\repo1\com\github\fge\json-schema-core\1.2.5\json-schema-core-1.2.5.jar;C:\training\repo1\com\github\fge\uri-template\0.9\uri-template-0.9.jar;C:\training\repo1\com\github\fge\msg-simple\1.1\msg-simple-1.1.jar;C:\training\repo1\com\github\fge\btf\1.2\btf-1.2.jar;C:\training\repo1\com\google\guava\guava\16.0.1\guava-16.0.1.jar;C:\training\repo1\com\github\fge\jackson-coreutils\1.8\jackson-coreutils-1.8.jar;C:\training\repo1\com\fasterxml\jackson\core\jackson-databind\2.2.3\jackson-databind-2.2.3.jar;C:\training\repo1\com\fasterxml\jackson\core\jackson-annotations\2.2.3\jackson-annotations-2.2.3.jar;C:\training\repo1\com\fasterxml\jackson\core\jackson-core\2.2.3\jackson-core-2.2.3.jar;C:\training\repo1\org\mozilla\rhino\1.7R4\rhino-1.7R4.jar;C:\training\repo1\javax\mail\mailapi\1.4.3\mailapi-1.4.3.jar;C:\training\repo1\net\sf\jopt-simple\jopt-simple\4.6\jopt-simple-4.6.jar;C:\training\repo1\org\junit\jupiter\junit-jupiter-engine\5.2.0\junit-jupiter-engine-5.2.0.jar;C:\training\repo1\org\apiguardian\apiguardian-api\1.0.0\apiguardian-api-1.0.0.jar;C:\training\repo1\org\junit\platform\junit-platform-engine\1.2.0\junit-platform-engine-1.2.0.jar;C:\training\repo1\org\junit\platform\junit-platform-commons\1.2.0\junit-platform-commons-1.2.0.jar;C:\training\repo1\org\opentest4j\opentest4j\1.1.0\opentest4j-1.1.0.jar;C:\training\repo1\org\junit\jupiter\junit-jupiter-api\5.2.0\junit-jupiter-api-5.2.0.jar;C:\training\repo1\org\junit\platform\junit-platform-runner\1.2.0\junit-platform-runner-1.2.0.jar;C:\training\repo1\org\junit\platform\junit-platform-launcher\1.2.0\junit-platform-launcher-1.2.0.jar;C:\training\repo1\org\junit\platform\junit-platform-suite-api\1.2.0\junit-platform-suite-api-1.2.0.jar;C:\training\repo1\junit\junit\4.12\junit-4.12.jar;"/>
    <property name="java.vm.vendor" value="Oracle Corporation"/>
    <property name="sun.arch.data.model" value="64"/>
    <property name="user.variant" value=""/>
    <property name="java.vendor.url" value="http://java.oracle.com/"/>
    <property name="user.timezone" value="Asia/Calcutta"/>
    <property name="java.vm.specification.version" value="1.8"/>
    <property name="os.name" value="Windows 7"/>
    <property name="user.country" value="US"/>
    <property name="sun.java.launcher" value="SUN_STANDARD"/>
    <property name="sun.boot.library.path" value="c:\Program Files\Java\jdk1.8.0_161\jre\bin"/>
    <property name="sun.java.command" value="C:\Users\JAGANN~1.COR\AppData\Local\Temp\surefire8230274119570148448\surefirebooter1954070596614542502.jar C:\Users\jagannki.CORPDOM\AppData\Local\Temp\surefire8230274119570148448 2018-11-29T17-34-45_563-jvmRun1 surefire1898266268644596787tmp surefire_0541762215289262825tmp"/>
    <property name="surefire.test.class.path" value="C:\TestAutomation\target\test-classes;C:\TestAutomation\target\classes;C:\training\repo1\io\rest-assured\rest-assured\3.2.0\rest-assured-3.2.0.jar;C:\training\repo1\org\codehaus\groovy\groovy\2.4.15\groovy-2.4.15.jar;C:\training\repo1\org\codehaus\groovy\groovy-xml\2.4.15\groovy-xml-2.4.15.jar;C:\training\repo1\org\apache\httpcomponents\httpclient\4.5.3\httpclient-4.5.3.jar;C:\training\repo1\org\apache\httpcomponents\httpcore\4.4.6\httpcore-4.4.6.jar;C:\training\repo1\commons-logging\commons-logging\1.2\commons-logging-1.2.jar;C:\training\repo1\commons-codec\commons-codec\1.9\commons-codec-1.9.jar;C:\training\repo1\org\apache\httpcomponents\httpmime\4.5.1\httpmime-4.5.1.jar;C:\training\repo1\org\hamcrest\hamcrest-core\1.3\hamcrest-core-1.3.jar;C:\training\repo1\org\hamcrest\hamcrest-library\1.3\hamcrest-library-1.3.jar;C:\training\repo1\org\ccil\cowan\tagsoup\tagsoup\1.2.1\tagsoup-1.2.1.jar;C:\training\repo1\io\rest-assured\xml-path\3.2.0\xml-path-3.2.0.jar;C:\training\repo1\org\apache\commons\commons-lang3\3.4\commons-lang3-3.4.jar;C:\training\repo1\javax\xml\bind\jaxb-api\2.2.12\jaxb-api-2.2.12.jar;C:\training\repo1\com\sun\xml\bind\jaxb-osgi\2.2.10\jaxb-osgi-2.2.10.jar;C:\training\repo1\org\apache\sling\org.apache.sling.javax.activation\0.1.0\org.apache.sling.javax.activation-0.1.0.jar;C:\training\repo1\javax\activation\activation\1.1.1\activation-1.1.1.jar;C:\training\repo1\io\rest-assured\json-path\3.2.0\json-path-3.2.0.jar;C:\training\repo1\org\codehaus\groovy\groovy-json\2.4.15\groovy-json-2.4.15.jar;C:\training\repo1\io\rest-assured\rest-assured-common\3.2.0\rest-assured-common-3.2.0.jar;C:\training\repo1\org\testng\testng\6.8.8\testng-6.8.8.jar;C:\training\repo1\org\beanshell\bsh\2.0b4\bsh-2.0b4.jar;C:\training\repo1\com\beust\jcommander\1.27\jcommander-1.27.jar;C:\training\repo1\io\rest-assured\json-schema-validator\3.2.0\json-schema-validator-3.2.0.jar;C:\training\repo1\com\github\fge\json-schema-validator\2.2.6\json-schema-validator-2.2.6.jar;C:\training\repo1\com\google\code\findbugs\jsr305\3.0.0\jsr305-3.0.0.jar;C:\training\repo1\joda-time\joda-time\2.3\joda-time-2.3.jar;C:\training\repo1\com\googlecode\libphonenumber\libphonenumber\6.2\libphonenumber-6.2.jar;C:\training\repo1\com\github\fge\json-schema-core\1.2.5\json-schema-core-1.2.5.jar;C:\training\repo1\com\github\fge\uri-template\0.9\uri-template-0.9.jar;C:\training\repo1\com\github\fge\msg-simple\1.1\msg-simple-1.1.jar;C:\training\repo1\com\github\fge\btf\1.2\btf-1.2.jar;C:\training\repo1\com\google\guava\guava\16.0.1\guava-16.0.1.jar;C:\training\repo1\com\github\fge\jackson-coreutils\1.8\jackson-coreutils-1.8.jar;C:\training\repo1\com\fasterxml\jackson\core\jackson-databind\2.2.3\jackson-databind-2.2.3.jar;C:\training\repo1\com\fasterxml\jackson\core\jackson-annotations\2.2.3\jackson-annotations-2.2.3.jar;C:\training\repo1\com\fasterxml\jackson\core\jackson-core\2.2.3\jackson-core-2.2.3.jar;C:\training\repo1\org\mozilla\rhino\1.7R4\rhino-1.7R4.jar;C:\training\repo1\javax\mail\mailapi\1.4.3\mailapi-1.4.3.jar;C:\training\repo1\net\sf\jopt-simple\jopt-simple\4.6\jopt-simple-4.6.jar;C:\training\repo1\org\junit\jupiter\junit-jupiter-engine\5.2.0\junit-jupiter-engine-5.2.0.jar;C:\training\repo1\org\apiguardian\apiguardian-api\1.0.0\apiguardian-api-1.0.0.jar;C:\training\repo1\org\junit\platform\junit-platform-engine\1.2.0\junit-platform-engine-1.2.0.jar;C:\training\repo1\org\junit\platform\junit-platform-commons\1.2.0\junit-platform-commons-1.2.0.jar;C:\training\repo1\org\opentest4j\opentest4j\1.1.0\opentest4j-1.1.0.jar;C:\training\repo1\org\junit\jupiter\junit-jupiter-api\5.2.0\junit-jupiter-api-5.2.0.jar;C:\training\repo1\org\junit\platform\junit-platform-runner\1.2.0\junit-platform-runner-1.2.0.jar;C:\training\repo1\org\junit\platform\junit-platform-launcher\1.2.0\junit-platform-launcher-1.2.0.jar;C:\training\repo1\org\junit\platform\junit-platform-suite-api\1.2.0\junit-platform-suite-api-1.2.0.jar;C:\training\repo1\junit\junit\4.12\junit-4.12.jar;"/>
    <property name="sun.cpu.endian" value="little"/>
    <property name="user.home" value="C:\Users\jagannki.CORPDOM"/>
    <property name="user.language" value="en"/>
    <property name="java.specification.vendor" value="Oracle Corporation"/>
    <property name="java.home" value="c:\Program Files\Java\jdk1.8.0_161\jre"/>
    <property name="basedir" value="C:\TestAutomation"/>
    <property name="file.separator" value="\"/>
    <property name="line.separator" value="&#10;"/>
    <property name="java.vm.specification.vendor" value="Oracle Corporation"/>
    <property name="java.specification.name" value="Java Platform API Specification"/>
    <property name="java.awt.graphicsenv" value="sun.awt.Win32GraphicsEnvironment"/>
    <property name="surefire.real.class.path" value="C:\Users\JAGANN~1.COR\AppData\Local\Temp\surefire8230274119570148448\surefirebooter1954070596614542502.jar"/>
    <property name="sun.boot.class.path" value="c:\Program Files\Java\jdk1.8.0_161\jre\lib\resources.jar;c:\Program Files\Java\jdk1.8.0_161\jre\lib\rt.jar;c:\Program Files\Java\jdk1.8.0_161\jre\lib\sunrsasign.jar;c:\Program Files\Java\jdk1.8.0_161\jre\lib\jsse.jar;c:\Program Files\Java\jdk1.8.0_161\jre\lib\jce.jar;c:\Program Files\Java\jdk1.8.0_161\jre\lib\charsets.jar;c:\Program Files\Java\jdk1.8.0_161\jre\lib\jfr.jar;c:\Program Files\Java\jdk1.8.0_161\jre\classes"/>
    <property name="user.script" value=""/>
    <property name="sun.management.compiler" value="HotSpot 64-Bit Tiered Compilers"/>
    <property name="java.runtime.version" value="1.8.0_161-b12"/>
    <property name="user.name" value="jagannki"/>
    <property name="path.separator" value=";"/>
    <property name="os.version" value="6.1"/>
    <property name="java.endorsed.dirs" value="c:\Program Files\Java\jdk1.8.0_161\jre\lib\endorsed"/>
    <property name="java.runtime.name" value="Java(TM) SE Runtime Environment"/>
    <property name="file.encoding" value="Cp1252"/>
    <property name="java.vm.name" value="Java HotSpot(TM) 64-Bit Server VM"/>
    <property name="localRepository" value="C:\training\repo1"/>
    <property name="java.vendor.url.bug" value="http://bugreport.sun.com/bugreport/"/>
    <property name="java.io.tmpdir" value="C:\Users\JAGANN~1.COR\AppData\Local\Temp\"/>
    <property name="java.version" value="1.8.0_161"/>
    <property name="user.dir" value="C:\TestAutomation"/>
    <property name="os.arch" value="amd64"/>
    <property name="java.vm.specification.name" value="Java Virtual Machine Specification"/>
    <property name="java.awt.printerjob" value="sun.awt.windows.WPrinterJob"/>
    <property name="sun.os.patch.level" value="Service Pack 1"/>
    <property name="java.library.path" value="c:\Program Files\Java\jdk1.8.0_161\jre\bin;C:\windows\Sun\Java\bin;C:\windows\system32;C:\windows;c:\program files (x86)\common files\oracle\java\javapath;c:\programdata\oracle\java\javapath;C:\windows\system32;C:\windows;C:\windows\system32\wbem;C:\windows\system32\windowspowershell\v1.0\;c:\program files\widcomm\bluetooth software\;c:\program files\widcomm\bluetooth software\syswow64;c:\program files\git\cmd;c:\program files\putty\;c:\program files\openvpn\bin;c:\program files\nodejs\;c:\windows\system32;c:\windows\system32;c:\windows\system32;c:\windows\system32;c:\windows\system32;c:\windows\system32;c:\windows\system32;c:\windows\system32;c:\windows\system32;C:\apache-maven-3.5.2\bin;c:\Program Files\Java\jdk1.8.0_161\bin;."/>
    <property name="java.vm.info" value="mixed mode"/>
    <property name="java.vendor" value="Oracle Corporation"/>
    <property name="java.vm.version" value="25.161-b12"/>
    <property name="java.ext.dirs" value="c:\Program Files\Java\jdk1.8.0_161\jre\lib\ext;C:\windows\Sun\Java\lib\ext"/>
    <property name="sun.io.unicode.encoding" value="UnicodeLittle"/>
    <property name="java.class.version" value="52.0"/>
  </properties>
  <testcase name="test1" classname="testautomation.SampleTest" time="2.989"/>
  <testcase name="test2" classname="testautomation.SampleTest" time="0.98"/>
  <testcase name="test3" classname="testautomation.SampleTest" time="0.855"/>
  <testcase name="test4" classname="testautomation.SampleTest" time="0.727"/>
  <testcase name="test5" classname="testautomation.SampleTest" time="0.774"/>
  <testcase name="test6" classname="testautomation.SampleTest" time="0.85"/>
</testsuite>